<?xml version="1.0" encoding="UTF-8" ?>
<testsuite tests="2" failures="1" name="ManagementHandlerTest" time="0.056" errors="0" skipped="0">
  <properties>
[...]
</properties>
  <testcase classname="ManagementHandlerTest" name="ManagementHandlerTest.testGetEmployeesSeparatedForCompanies" time="0.001"/>
  <testcase classname="ManagementHandlerTest" name="ManagementHandlerTest.testGetRankedListOFDirectors" time="0.055">
    <failure message="array contents differ at index [0], expected: &lt;Dmitriy=2&gt; but was: &lt;Vladimir=2&gt;" type="org.opentest4j.AssertionFailedError">org.opentest4j.AssertionFailedError: array contents differ at index [0], expected: &lt;Dmitriy=2&gt; but was: &lt;Vladimir=2&gt;
	at org.junit.jupiter.api.AssertionFailureBuilder.build(AssertionFailureBuilder.java:151)
	at org.junit.jupiter.api.AssertionFailureBuilder.buildAndThrow(AssertionFailureBuilder.java:132)
	at org.junit.jupiter.api.AssertArrayEquals.failArraysNotEqual(AssertArrayEquals.java:440)
	at org.junit.jupiter.api.AssertArrayEquals.assertArrayElementsEqual(AssertArrayEquals.java:389)
	at org.junit.jupiter.api.AssertArrayEquals.assertArrayEquals(AssertArrayEquals.java:346)
	at org.junit.jupiter.api.AssertArrayEquals.assertArrayEquals(AssertArrayEquals.java:159)
	at org.junit.jupiter.api.AssertArrayEquals.assertArrayEquals(AssertArrayEquals.java:155)
	at org.junit.jupiter.api.Assertions.assertArrayEquals(Assertions.java:1453)
	at ManagementHandlerTest.testGetRankedListOFDirectors(ManagementHandlerTest.java:42)
</failure>
  </testcase>
</testsuite>